[2025-09-28T09:53:59.519+0000] {manager.py:483} INFO - Processing files using up to 2 processes at a time 
[2025-09-28T09:53:59.520+0000] {manager.py:484} INFO - Process each file at most once every 30 seconds
[2025-09-28T09:53:59.520+0000] {manager.py:485} INFO - Checking for new files in /opt/airflow/dags every 300 seconds
[2025-09-28T09:53:59.521+0000] {manager.py:821} INFO - Searching for files in /opt/airflow/dags
[2025-09-28T09:53:59.522+0000] {manager.py:824} INFO - There are 0 files in /opt/airflow/dags
[2025-09-28T09:58:59.650+0000] {manager.py:821} INFO - Searching for files in /opt/airflow/dags
[2025-09-28T09:58:59.650+0000] {manager.py:824} INFO - There are 0 files in /opt/airflow/dags
[2025-09-28T10:04:00.487+0000] {manager.py:821} INFO - Searching for files in /opt/airflow/dags
[2025-09-28T10:04:00.488+0000] {manager.py:824} INFO - There are 0 files in /opt/airflow/dags
[2025-09-28T10:04:03.670+0000] {manager.py:465} INFO - Exiting gracefully upon receiving signal 15
[2025-09-28T10:24:34.078+0000] {manager.py:483} INFO - Processing files using up to 2 processes at a time 
[2025-09-28T10:24:34.078+0000] {manager.py:484} INFO - Process each file at most once every 30 seconds
[2025-09-28T10:24:34.079+0000] {manager.py:485} INFO - Checking for new files in /opt/airflow/dags every 300 seconds
[2025-09-28T10:24:34.079+0000] {manager.py:821} INFO - Searching for files in /opt/airflow/dags
[2025-09-28T10:24:34.080+0000] {manager.py:824} INFO - There are 0 files in /opt/airflow/dags
[2025-09-28T10:29:34.158+0000] {manager.py:821} INFO - Searching for files in /opt/airflow/dags
[2025-09-28T10:29:34.159+0000] {manager.py:824} INFO - There are 0 files in /opt/airflow/dags
[2025-09-28T10:32:56.731+0000] {manager.py:465} INFO - Exiting gracefully upon receiving signal 15
[2025-09-28T11:02:43.525+0000] {manager.py:483} INFO - Processing files using up to 2 processes at a time 
[2025-09-28T11:02:43.526+0000] {manager.py:484} INFO - Process each file at most once every 30 seconds
[2025-09-28T11:02:43.526+0000] {manager.py:485} INFO - Checking for new files in /opt/airflow/dags every 300 seconds
[2025-09-28T11:02:43.527+0000] {manager.py:821} INFO - Searching for files in /opt/airflow/dags
[2025-09-28T11:02:43.527+0000] {manager.py:824} INFO - There are 0 files in /opt/airflow/dags
[2025-09-28T11:03:51.562+0000] {manager.py:465} INFO - Exiting gracefully upon receiving signal 15
[2025-09-28T11:54:54.233+0000] {manager.py:483} INFO - Processing files using up to 2 processes at a time 
[2025-09-28T11:54:54.235+0000] {manager.py:484} INFO - Process each file at most once every 30 seconds
[2025-09-28T11:54:54.236+0000] {manager.py:485} INFO - Checking for new files in /opt/airflow/dags every 300 seconds
[2025-09-28T11:54:54.236+0000] {manager.py:821} INFO - Searching for files in /opt/airflow/dags
[2025-09-28T11:54:54.236+0000] {manager.py:824} INFO - There are 0 files in /opt/airflow/dags
[2025-09-28T11:55:44.842+0000] {manager.py:465} INFO - Exiting gracefully upon receiving signal 15
[2025-09-28T11:55:58.018+0000] {manager.py:483} INFO - Processing files using up to 2 processes at a time 
[2025-09-28T11:55:58.018+0000] {manager.py:484} INFO - Process each file at most once every 30 seconds
[2025-09-28T11:55:58.018+0000] {manager.py:485} INFO - Checking for new files in /opt/airflow/dags every 300 seconds
[2025-09-28T11:55:58.018+0000] {manager.py:821} INFO - Searching for files in /opt/airflow/dags
[2025-09-28T11:55:58.019+0000] {manager.py:824} INFO - There are 0 files in /opt/airflow/dags
[2025-09-28T12:00:58.797+0000] {manager.py:821} INFO - Searching for files in /opt/airflow/dags
[2025-09-28T12:00:58.797+0000] {manager.py:824} INFO - There are 0 files in /opt/airflow/dags
[2025-09-28T12:05:59.590+0000] {manager.py:821} INFO - Searching for files in /opt/airflow/dags
[2025-09-28T12:05:59.591+0000] {manager.py:824} INFO - There are 0 files in /opt/airflow/dags
[2025-09-28T12:11:00.409+0000] {manager.py:821} INFO - Searching for files in /opt/airflow/dags
[2025-09-28T12:11:00.410+0000] {manager.py:824} INFO - There are 0 files in /opt/airflow/dags
[2025-09-28T12:16:01.282+0000] {manager.py:821} INFO - Searching for files in /opt/airflow/dags
[2025-09-28T12:16:01.283+0000] {manager.py:824} INFO - There are 0 files in /opt/airflow/dags
[2025-09-28T12:21:02.119+0000] {manager.py:821} INFO - Searching for files in /opt/airflow/dags
[2025-09-28T12:21:02.119+0000] {manager.py:824} INFO - There are 0 files in /opt/airflow/dags
[2025-09-28T12:26:02.964+0000] {manager.py:821} INFO - Searching for files in /opt/airflow/dags
[2025-09-28T12:26:02.965+0000] {manager.py:824} INFO - There are 0 files in /opt/airflow/dags
[2025-09-28T12:31:03.803+0000] {manager.py:821} INFO - Searching for files in /opt/airflow/dags
[2025-09-28T12:31:03.804+0000] {manager.py:824} INFO - There are 0 files in /opt/airflow/dags
[2025-09-28T12:36:04.658+0000] {manager.py:821} INFO - Searching for files in /opt/airflow/dags
[2025-09-28T12:36:04.659+0000] {manager.py:824} INFO - There are 0 files in /opt/airflow/dags
[2025-09-28T12:41:05.513+0000] {manager.py:821} INFO - Searching for files in /opt/airflow/dags
[2025-09-28T12:41:05.514+0000] {manager.py:824} INFO - There are 0 files in /opt/airflow/dags
[2025-09-28T12:46:06.463+0000] {manager.py:821} INFO - Searching for files in /opt/airflow/dags
[2025-09-28T12:46:06.463+0000] {manager.py:824} INFO - There are 0 files in /opt/airflow/dags
[2025-09-28T12:51:07.307+0000] {manager.py:821} INFO - Searching for files in /opt/airflow/dags
[2025-09-28T12:51:07.308+0000] {manager.py:824} INFO - There are 0 files in /opt/airflow/dags
[2025-09-28T12:56:08.167+0000] {manager.py:821} INFO - Searching for files in /opt/airflow/dags
[2025-09-28T12:56:08.168+0000] {manager.py:824} INFO - There are 0 files in /opt/airflow/dags
[2025-09-28T13:01:09.058+0000] {manager.py:821} INFO - Searching for files in /opt/airflow/dags
[2025-09-28T13:01:09.059+0000] {manager.py:824} INFO - There are 0 files in /opt/airflow/dags
[2025-09-28T13:06:09.920+0000] {manager.py:821} INFO - Searching for files in /opt/airflow/dags
[2025-09-28T13:06:09.921+0000] {manager.py:824} INFO - There are 0 files in /opt/airflow/dags
[2025-09-28T13:11:10.795+0000] {manager.py:821} INFO - Searching for files in /opt/airflow/dags
[2025-09-28T13:11:10.796+0000] {manager.py:824} INFO - There are 0 files in /opt/airflow/dags
[2025-09-28T13:16:11.615+0000] {manager.py:821} INFO - Searching for files in /opt/airflow/dags
[2025-09-28T13:16:11.616+0000] {manager.py:824} INFO - There are 0 files in /opt/airflow/dags
[2025-09-28T13:21:12.475+0000] {manager.py:821} INFO - Searching for files in /opt/airflow/dags
[2025-09-28T13:21:12.476+0000] {manager.py:824} INFO - There are 0 files in /opt/airflow/dags
[2025-09-28T13:26:13.352+0000] {manager.py:821} INFO - Searching for files in /opt/airflow/dags
[2025-09-28T13:26:13.353+0000] {manager.py:824} INFO - There are 0 files in /opt/airflow/dags
[2025-09-28T13:31:14.182+0000] {manager.py:821} INFO - Searching for files in /opt/airflow/dags
[2025-09-28T13:31:14.183+0000] {manager.py:824} INFO - There are 0 files in /opt/airflow/dags
[2025-09-28T13:34:14.835+0000] {manager.py:465} INFO - Exiting gracefully upon receiving signal 15
