===== dts-platform 2025-10-02 11:12:22 (dts-platform-20251002-111222.log) =====
[背景理解]
- 业务端(dts-platform)采用 Keycloak 模拟登录流程：`KeycloakAuthResource` 拒绝 sys/auth/audit 三员账号，仅允许 `opadmin` 等业务用户获取 portal session，`PortalSessionRegistry` 提供内存 token。
- 前端(dts-platform-webapp)默认走前端路由(`VITE_APP_ROUTER_MODE=frontend`)，登录界面再次拦截三员账号，`AdminGuard` 通过 `/api/admin/whoami` 校验 opadmin 权限。

[mynemu.json 功能梳理]
- catalog：数据资产入口，含“资产目录”“分级保护与访问策略”“安全视图编排”，对应资产编目+授权控制能力。
- modeling：模型与标准，当前仅保留“数据标准”，暗示后续可扩展建模作业入口。
- governance：治理与质量，包含“质量规则”“合规检查”，面向数据治理规则配置与合规检测。
- explore：数据开发侧，含“数据查询和预览”“结果集管理”，与 Trino SQL workbench、历史查询管理相关。
- visualization：数据可视化集群，包含仪表盘、经营驾驶舱、项目/财务/供应链/人力看板，聚焦多主题可视化消费。
- services：数据服务化能力，“API 服务”“数据产品”“令牌与密钥”强调对外提供 API/产品与凭据管理。
- iam：权限与策略，覆盖“密级模型映射”“资源授权”“策略模拟与评估”“权限申请入口”，对应消费端 ABAC/敏感度管理。
- foundation：基础数据维护，“数据源”“数据存储”“任务调度”对接底层星环/任务编排能力。

[疑问与后续关注]
- 文件命名写作 `mynemu.json`，需确认是否是临时命名还是正式配置源，以免后续替换菜单时遗漏。
- 目前各菜单对应的页面/接口是否已完整实现？例如 visualization 下多个看板目录在代码中是否已有占位或需要按需裁剪。
- Portal 菜单最终是否沿用前端静态配置，还是需要与后端 `PortalMenuService`（对接 dts-admin）联动？需提前确定以免双份维护。

[菜单体系更新理解]
- `mymenu.json` 为前端提供的种子菜单数据，后续由 dts-admin 启动时导入数据库，作为初始门户菜单集合。
- dts-admin 根据角色模型（sys/auth/audit/opadmin 及业务角色）维护不同的菜单授权，业务端登录后需调用 dts-admin API 拉取分配给当前账号的导航树，而非长期依赖前端静态路由。
- dts-platform 的角色控制逻辑需与 dts-admin 的菜单授权保持一致，登录成功后根据 token 中的角色信息匹配可见菜单。

[后续协同点]
- 确认 dts-platform 与 dts-admin 的菜单同步接口（PortalMenuService）是否已串通数据库数据并支持按角色过滤。
- 校验现有前端路由配置，确保与 dts-admin 下发的菜单 key/path 对齐，减少手工维护差异。
- 后续新增菜单或调整结构时，应在 dts-admin 端调整并通过种子数据/管理界面落库，再由业务端刷新。

[PortalMenu 角色/权限模型设计]
- 数据模型：在现有 `portal_menu` 表基础上，新增中间表 `portal_menu_visibility`（`id`, `menu_id`, `role_code`, `permission_code`, `data_level`, `created_at`, `created_by`）。`role_code` 对应 Keycloak / token 中的 `ROLE_*`，`permission_code` 预留给细粒度 ABAC（可为空），`data_level`（PUBLIC/INTERNAL/SECRET/TOP_SECRET）沿用现有密级枚举用于前置过滤。借助 JPA 建模为 `PortalMenuVisibility`，在 `PortalMenu` 中新增 `@OneToMany(mappedBy="menu", cascade=ALL, orphanRemoval=true)` 集合字段 `visibilities`。
- 元数据兼容：保留 `metadata` 字段，用于前端个性化展示（icon、caption 等）。如需扩展更复杂的授权策略，可在 metadata 中补充结构化 JSON，但授权执行以 `portal_menu_visibility` 为准。
- 审批链路：`AdminApiResource` 在 `draftCreateMenu`/`draftUpdateMenu` 时允许提交 `allowedRoles`（数组）、`allowedPermissions`、`maxDataLevel`，写入 `ChangeRequest.payloadJson`。审批通过时 `applyPortalMenuChange` 更新 `portal_menu` 及 `portal_menu_visibility`；删除菜单需级联删除可视化记录。
- Liquibase：补充变更集创建新表、索引(`menu_id`, `role_code`) 以及迁移脚本把现有菜单默认授予 `ROLE_OP_ADMIN` + `ROLE_USER`，密级默认 `GENERAL` 对应 `INTERNAL`。

[菜单授权过滤流程（dts-admin）]
- 查询：`PortalMenuService` 新增 `findTreeForRoles(Set<String> roles, Set<String> permissions, String maxDataLevel)`，内部先查出全量根节点，再基于 visibilities 过滤可见节点并保留必需的祖先节点。若某菜单未配置可见范围，则按默认策略（仅 OP_ADMIN 可见）处理。
- API：`GET /api/menu` 增加可选查询参数 `roles`、`permissions`、`dataLevel`，或从认证上下文自动解析当前用户的角色密级，返回裁剪后的树；`GET /api/admin/portal/menus` 仍返回全量供运维使用。认证失败或角色为空时返回空菜单。
- 管控：菜单审批 UI（`PortalMenusView`）需新增可选项多选角色、密级、特定权限，提交时写入变更请求；审批通过后自动刷新菜单缓存。`AdminAuditService` 记录角色授权变更。

[业务端菜单消费（dts-platform）]
- 拉取方式：`PortalMenuClient.fetchMenuTree` 改为调用新接口 `GET /api/menu?roles=ROLE_USER,...&permissions=...&dataLevel=...`，其中角色/权限来自 `PortalSession`（`accessToken` introspection 已返回 `roles`、`permissions` 字段），密级可由用户档案或 token claim `data_level`。失败时按本地缓存/兜底静态菜单处理并记录告警。
- 本地过滤：即便后端已做裁剪，`PortalMenuService` 仍在映射时根据当前会话的 `roles`、`permissions` 再次校验 `visibilities` 元数据，确保 UI 与后端授权一致，防止缓存因权限变更而滞后。
- 缓存策略：将菜单结果以 `HashSet<String> roles` 为 key 缓存在 Caffeine/Redis，失效策略 5min；当用户角色变更或审批推送事件触发时，通过消息渠道/手动刷新清除缓存。
- 前端配合：`usePortalNavigation` 在收到菜单数据后执行 DFS 过滤空子节点，并根据 `metadata` 渲染 icon/标题。若返回空树，提示“未配置可访问菜单”并引导联系管理员。

[查询工作台整合方案]
- 界面结构：`QueryWorkbenchPage` 统一承载 SQL 编辑、结果预览、执行历史三个部分，顶部 Tabs（编辑 / 结果 / 历史）共享同一上下文状态。结果面板可以在执行后自动跳转；历史面板支持重放查询并写回编辑器。
- 后端契约：沿用 `SqlResource` 与 `ExploreExecResource`，新增聚合接口 `POST /api/explore/session/execute`（返回 executionId + resultId），以及 `GET /api/explore/session/{id}` 返回最近一次执行状态与预览数据。行级脱敏与权限校验复用 `AccessChecker` 确保与菜单权限一致。
- 执行记录：`query-executions` 表中记录角色/用户标识，前端历史列表按当前用户、角色、时间过滤。提供“只看我的”和“团队共享”两种视图，以匹配不同权限级别。
- 数据预览：执行成功后自动调用 `previewResultSet`，渲染在结果 Tab；失败时把错误信息写入历史记录并标记可重试。支持导出 CSV 前置权限校验。

[一致性校验与后续动作]
- 确认 Keycloak realm 中角色命名统一为 `ROLE_*`，并在 `PortalSessionRegistry.normalizeRoles` 保持一致。
- 编写单元测试覆盖：菜单可见性过滤、审批链路、平台端二次过滤、查询页整合。优先完成数据模型和接口变更后，再推进 UI 与缓存实现。

[门户菜单权限改造]
- 引入 `portal_menu_visibility` 表及实体，包含 `menu_id/role_code/permission_code/data_level`，并在 `PortalMenu` 中维护 `visibilities` 集合；默认授予 `ROLE_OP_ADMIN`、`ROLE_USER`，密级 `INTERNAL`。
- `PortalMenuService` 新增 `findTreeForAudience`、`replaceVisibilities` 等方法，实现角色/权限/密级多维过滤与默认可见性兜底。
- `BasicApiResource` 的 `/api/menu` 支持请求参数或依据当前认证上下文自动裁剪菜单树；`AdminApiResource` 在审批流程中读写可见性规则、回显 `visibilityRules/allowedRoles/allowedPermissions/maxDataLevel`，并在变更应用时同步更新可见性。
- 开发环境种子数据 (`DevDataSeeder`) 为每个菜单写入默认可见性记录，Liquibase 变更集 `20251002-01_portal_menu_visibility.xml` 建表、索引并清空旧数据。
- 编译受限于沙箱写权限（Spotless/build-info 无法生成），需在本地/CI 环境执行 `./mvnw -DskipTests compile` 验证。

[待续工作]
- dts-admin Web 管理界面需支持编辑可见性规则；dts-platform 需按 token 角色调用新接口并缓存裁剪结果；审批后需要刷新菜单缓存。

[角色管理需求明确]
- 内置三员（ROLE_SYS_ADMIN / ROLE_AUTH_ADMIN / ROLE_AUDITOR_ADMIN）与用户一一对应，仅允许登录 dts-admin，必须从角色管理列表中隐藏且禁止编辑。
- 普通业务角色（DEPT_OWNER/DEPT_EDITOR/DEPT_VIEWER/INST_OWNER/INST_EDITOR/INST_VIEWER）统一落在 AdminCustomRole + ChangeRequest 流程中；所有变更需提交审批后生效。
- 角色权限模型沿用 scope + operations(read/write/export)，并需与门户菜单可见性联动，确保授权范围反映在菜单展示上；角色不再包含数据密级字段。
- Keycloak 已预置所有业务角色；dts-admin 维护本地元数据并通过既有同步作业回写 Keycloak，后续需扩展同步逻辑以覆盖新增字段或审批后的状态。

[审计中心需求汇总]
- 审计范围覆盖 dts-admin、dts-platform 及下游组件调用；记录所有 API、导入导出操作并按功能模块分类事件。
- 数据持久化在 Postgres，保留至少 6 个月；支持界面导出（按筛选条件），实时刷新、分页排序展示即可，无需全文检索或趋势分析。
- 安全要求：日志加密存储、防篡改；仅内部界面访问，无对外接口。授权管理员重点审计系统管理员/安全审计员，安全审计员覆盖业务用户及其他管理员。
- dts-common 审计接口需启用并具备定时重试/批量上报逻辑以应对写入失败；每日约 5 万条日志，可考虑异步缓冲削峰。
[数据资产模块迭代任务]
- 资产目录：梳理数据集元数据模型、落库字段展示需求，规划目录导航与筛选交互，并在 `AssetResource` / `DatasetService` 暴露检索接口供前端消费。
- 分级保护与访问策略：对接 IAM/密级模型，设计策略配置（分级、角色、权限、访问策略）与审批链路，完善 `PolicyResource`、策略实体与前端表单。
- 安全视图编排：扩展 `SecurityViewService` 生成安全视图 SQL 并自动推送到 Hive，同时与 IAM 策略关联，提供执行状态监控与回滚能力。
- 共性要求：核心 API 全量审计（成功/失败），数据集 schema 同步改造为异步任务并补充任务状态查询接口，前端详情页补充数据集→IAM 策略跳转链接。

[20251005 数据资产默认数据源管控]
- 新增 `CatalogFeatureProperties` 配置（`dts.platform.catalog.*`），默认关闭多数据源，仅允许 HIVE/星环 Inceptor；`/api/catalog/config` 暴露多源开关、默认类型及默认源是否已配置。
- `CatalogResource` 保存数据集前调用 `applySourcePolicy` 与 `ensurePrimarySourceIfRequired`：在多源未解锁时强制类型写死为 HIVE，并在缺少默认数据源时直接抛出 `412 PRECONDITION_FAILED` 引导用户前往“基础管理-数据源”补齐；当请求指定非 HIVE 类型而多源未开时返回 `403` 说明需升级付费。
- `InfraDataSourceRepository` 增加 `countByTypeIgnoreCase`，用于快速判断默认数据源是否存在，避免硬编码 HQL；`CatalogResource` 导入、更新路径同样复用校验逻辑，保证批量导入不会绕过约束。
- 前端 `DatasetsPage` 拉取 `/catalog/config` 与 `/infra/data-sources`，在列表顶部展示“默认来源：星环 Hive(Inceptor)”标签并在缺省数据源时弹出红色提醒；新建按钮、导入逻辑在未配置默认源时阻塞并提示。
- 数据集新建表单默认隐藏多源选择，仅保留星环 Hive 输入项；通过 Alt+Shift+M 或双击“来源类型”标签触发隐藏开关进入试用模式，但未真正授权时仍提示“提交需管理员确认”。创建/导入请求补齐 `type/hiveDatabase/hiveTable` 字段以匹配后端新校验。

[20251007 平台审计改造任务]
- 对齐 dts-admin 的审计模型：引入基于队列的 `AuditService`、链式签名与可选外部转发能力，复用/抽取 dts-common 组件，确保字段命名一致。
- HTTP 层统一记录：复制并适配 `AuditLoggingFilter` 与 `AuditResponseWrapper`，拦截除健康检查外的所有 REST 请求，采集 actor、角色、URI、耗时、结果等信息。
- 业务事件补充：扩展平台内部 `AuditService`，在异步任务、Hive 推送、策略应用等关键流程显式写入成功/失败事件及业务 payload。
- 数据持久化：新增/复用审计表结构（Liquibase 变更），保证审计日志落地 Postgres，并按配置异步上报 `dts-common` 审计中心。
- 配置管理与测试：暴露 `dts.audit.*` 参数，提供启动校验与告警；编写 MVC/集成测试覆盖成功/失败请求与队列溢出兜底路径。

[2025-10-07 15:30] 数据标准模块规划
- 梳理现有 data standard 相关代码/页面，确认入口与数据模型
- 设计简化的台账管理流程与前端表格展示需求
- 规划文件上传加密存储方案（含密钥管理与读取流程）
- 明确待开发的后端接口、前端改造点及验证步骤
[2025-10-07 15:55] 数据标准方案评估
- 后端：重建 data_standard 表模型（名称/编码/密级/版本等字段）并新增 data_standard_attachment 表存储附件（包含密钥版本、IV、SHA256 等元数据）
- 服务：实现 EncryptedFileStorageService（默认 DatabaseEncryptedFileStorage，按 AES-GCM 使用 dts.platform.data-standard.encryption-key），所有 API 通过 AuditService 记录成功/失败事件
- 接口：提供标准 CRUD、分页查询及附件上传/下载/删除 REST，必要时模板下载与批量导入入口
- 前端：DataStandardsPage 改为消费真实 API，精简表格列与弹窗，新增附件标签和上传弹框提示加密存储
- 安全：上传类型/大小限制、强制配置密钥、支持密钥版本记录以便后续轮换，下载前校验密级与权限
- 待确认：附件大小/类型限制、是否引入版本管理子表、密钥来源与轮换流程、首期是否实现审批/批量导入

[2025-10-07 16:05] 数据标准需求补充
- 附件支持 docx/wps/pdf/xlsx/xls/md/txt，单文件上限 200MB；阈值放在基础数据设置，可通过配置项控制
- 必须具备版本管理能力，记录标准历史迭代
- 加密沿用现有 AES-GCM 实现，满足“可加密即可”要求
- 首期仅实现数据标准台账 CRUD 与附件上传/下载，审批与批量导入暂缓

[2025-10-07 16:15] 数据标准数据迁移策略
- 废弃旧表 modeling_standard 及其中演示数据，新方案将直接使用 data_standard / data_standard_version / data_standard_attachment 三表
- Liquibase 变更将负责删除旧表和插入新结构，确保无历史数据保留

[2025-10-07 17:15] 数据标准功能落地记录
- 新建 data_standard / data_standard_version / data_standard_attachment 表并移除旧 modeling_standard 表结构
- 后端实现数据标准 CRUD、版本快照、附件加密存储及配置接口，所有 API 接入审计记录
- 前端重构数据标准页面为台账表格 + 详情抽屉，支持版本/附件查看及上传，加了基础数据设置页面维护附件大小与后缀
- 上传限制默认 200MB，可在“基础数据设置”中调整（同步更新到 DataStandardProperties）
- Maven 编译暂未验证，需先清理 root 权限 target/ 目录再执行


